<?xml version="1.0" encoding="UTF-8"?>
<testsuite xmlns:xsi="http://www.w3.org/2001/XMLSchema-instance" xsi:noNamespaceSchemaLocation="https://maven.apache.org/surefire/maven-surefire-plugin/xsd/surefire-test-report.xsd" name="com.javezki.AppTest" time="0.081" tests="1" errors="0" skipped="0" failures="0">
  <properties>
    <property name="java.specification.version" value="17"/>
    <property name="sun.cpu.isalist" value="amd64"/>
    <property name="sun.jnu.encoding" value="Cp1252"/>
    <property name="java.class.path" value="c:\Users\liuna\Documents\Java Programs\Plugins\voidarc\target\test-classes;c:\Users\liuna\Documents\Java Programs\Plugins\voidarc\target\classes;C:\Users\liuna\.m2\repository\junit\junit\4.11\junit-4.11.jar;C:\Users\liuna\.m2\repository\org\hamcrest\hamcrest-core\1.3\hamcrest-core-1.3.jar;C:\Users\liuna\.m2\repository\io\papermc\paper\paper-api\1.18.1-R0.1-SNAPSHOT\paper-api-1.18.1-R0.1-SNAPSHOT.jar;C:\Users\liuna\.m2\repository\commons-lang\commons-lang\2.6\commons-lang-2.6.jar;C:\Users\liuna\.m2\repository\com\google\guava\guava\31.0.1-jre\guava-31.0.1-jre.jar;C:\Users\liuna\.m2\repository\com\google\guava\failureaccess\1.0.1\failureaccess-1.0.1.jar;C:\Users\liuna\.m2\repository\com\google\guava\listenablefuture\9999.0-empty-to-avoid-conflict-with-guava\listenablefuture-9999.0-empty-to-avoid-conflict-with-guava.jar;C:\Users\liuna\.m2\repository\com\google\code\findbugs\jsr305\3.0.2\jsr305-3.0.2.jar;C:\Users\liuna\.m2\repository\com\google\errorprone\error_prone_annotations\2.7.1\error_prone_annotations-2.7.1.jar;C:\Users\liuna\.m2\repository\com\google\j2objc\j2objc-annotations\1.3\j2objc-annotations-1.3.jar;C:\Users\liuna\.m2\repository\com\google\code\gson\gson\2.8.8\gson-2.8.8.jar;C:\Users\liuna\.m2\repository\net\md-5\bungeecord-chat\1.16-R0.4\bungeecord-chat-1.16-R0.4.jar;C:\Users\liuna\.m2\repository\org\yaml\snakeyaml\1.30\snakeyaml-1.30.jar;C:\Users\liuna\.m2\repository\com\googlecode\json-simple\json-simple\1.1.1\json-simple-1.1.1.jar;C:\Users\liuna\.m2\repository\it\unimi\dsi\fastutil\8.5.6\fastutil-8.5.6.jar;C:\Users\liuna\.m2\repository\org\apache\logging\log4j\log4j-api\2.17.1\log4j-api-2.17.1.jar;C:\Users\liuna\.m2\repository\org\slf4j\slf4j-api\1.8.0-beta4\slf4j-api-1.8.0-beta4.jar;C:\Users\liuna\.m2\repository\net\kyori\adventure-api\4.9.3\adventure-api-4.9.3.jar;C:\Users\liuna\.m2\repository\net\kyori\adventure-key\4.9.3\adventure-key-4.9.3.jar;C:\Users\liuna\.m2\repository\net\kyori\examination-api\1.3.0\examination-api-1.3.0.jar;C:\Users\liuna\.m2\repository\net\kyori\examination-string\1.3.0\examination-string-1.3.0.jar;C:\Users\liuna\.m2\repository\org\jetbrains\annotations\22.0.0\annotations-22.0.0.jar;C:\Users\liuna\.m2\repository\net\kyori\adventure-text-serializer-gson\4.9.3\adventure-text-serializer-gson-4.9.3.jar;C:\Users\liuna\.m2\repository\net\kyori\adventure-text-serializer-legacy\4.9.3\adventure-text-serializer-legacy-4.9.3.jar;C:\Users\liuna\.m2\repository\net\kyori\adventure-text-serializer-plain\4.9.3\adventure-text-serializer-plain-4.9.3.jar;C:\Users\liuna\.m2\repository\org\checkerframework\checker-qual\3.21.0\checker-qual-3.21.0.jar;C:\Users\liuna\.m2\repository\org\ow2\asm\asm\9.2\asm-9.2.jar;C:\Users\liuna\.m2\repository\org\ow2\asm\asm-commons\9.2\asm-commons-9.2.jar;C:\Users\liuna\.m2\repository\org\ow2\asm\asm-tree\9.2\asm-tree-9.2.jar;C:\Users\liuna\.m2\repository\org\ow2\asm\asm-analysis\9.2\asm-analysis-9.2.jar;"/>
    <property name="java.vm.vendor" value="Oracle Corporation"/>
    <property name="sun.arch.data.model" value="64"/>
    <property name="user.variant" value=""/>
    <property name="java.vendor.url" value="https://java.oracle.com/"/>
    <property name="user.timezone" value="America/Toronto"/>
    <property name="os.name" value="Windows 10"/>
    <property name="java.vm.specification.version" value="17"/>
    <property name="sun.java.launcher" value="SUN_STANDARD"/>
    <property name="user.country" value="CA"/>
    <property name="sun.boot.library.path" value="C:\Program Files\Java\jdk-17.0.1\bin"/>
    <property name="sun.java.command" value="C:\Users\liuna\AppData\Local\Temp\surefire8225289963387965440\surefirebooter147491986382171741.jar C:\Users\liuna\AppData\Local\Temp\surefire8225289963387965440 2022-02-14T12-03-03_101-jvmRun1 surefire5981799483464515263tmp surefire_015524565296044449762tmp"/>
    <property name="jdk.debug" value="release"/>
    <property name="surefire.test.class.path" value="c:\Users\liuna\Documents\Java Programs\Plugins\voidarc\target\test-classes;c:\Users\liuna\Documents\Java Programs\Plugins\voidarc\target\classes;C:\Users\liuna\.m2\repository\junit\junit\4.11\junit-4.11.jar;C:\Users\liuna\.m2\repository\org\hamcrest\hamcrest-core\1.3\hamcrest-core-1.3.jar;C:\Users\liuna\.m2\repository\io\papermc\paper\paper-api\1.18.1-R0.1-SNAPSHOT\paper-api-1.18.1-R0.1-SNAPSHOT.jar;C:\Users\liuna\.m2\repository\commons-lang\commons-lang\2.6\commons-lang-2.6.jar;C:\Users\liuna\.m2\repository\com\google\guava\guava\31.0.1-jre\guava-31.0.1-jre.jar;C:\Users\liuna\.m2\repository\com\google\guava\failureaccess\1.0.1\failureaccess-1.0.1.jar;C:\Users\liuna\.m2\repository\com\google\guava\listenablefuture\9999.0-empty-to-avoid-conflict-with-guava\listenablefuture-9999.0-empty-to-avoid-conflict-with-guava.jar;C:\Users\liuna\.m2\repository\com\google\code\findbugs\jsr305\3.0.2\jsr305-3.0.2.jar;C:\Users\liuna\.m2\repository\com\google\errorprone\error_prone_annotations\2.7.1\error_prone_annotations-2.7.1.jar;C:\Users\liuna\.m2\repository\com\google\j2objc\j2objc-annotations\1.3\j2objc-annotations-1.3.jar;C:\Users\liuna\.m2\repository\com\google\code\gson\gson\2.8.8\gson-2.8.8.jar;C:\Users\liuna\.m2\repository\net\md-5\bungeecord-chat\1.16-R0.4\bungeecord-chat-1.16-R0.4.jar;C:\Users\liuna\.m2\repository\org\yaml\snakeyaml\1.30\snakeyaml-1.30.jar;C:\Users\liuna\.m2\repository\com\googlecode\json-simple\json-simple\1.1.1\json-simple-1.1.1.jar;C:\Users\liuna\.m2\repository\it\unimi\dsi\fastutil\8.5.6\fastutil-8.5.6.jar;C:\Users\liuna\.m2\repository\org\apache\logging\log4j\log4j-api\2.17.1\log4j-api-2.17.1.jar;C:\Users\liuna\.m2\repository\org\slf4j\slf4j-api\1.8.0-beta4\slf4j-api-1.8.0-beta4.jar;C:\Users\liuna\.m2\repository\net\kyori\adventure-api\4.9.3\adventure-api-4.9.3.jar;C:\Users\liuna\.m2\repository\net\kyori\adventure-key\4.9.3\adventure-key-4.9.3.jar;C:\Users\liuna\.m2\repository\net\kyori\examination-api\1.3.0\examination-api-1.3.0.jar;C:\Users\liuna\.m2\repository\net\kyori\examination-string\1.3.0\examination-string-1.3.0.jar;C:\Users\liuna\.m2\repository\org\jetbrains\annotations\22.0.0\annotations-22.0.0.jar;C:\Users\liuna\.m2\repository\net\kyori\adventure-text-serializer-gson\4.9.3\adventure-text-serializer-gson-4.9.3.jar;C:\Users\liuna\.m2\repository\net\kyori\adventure-text-serializer-legacy\4.9.3\adventure-text-serializer-legacy-4.9.3.jar;C:\Users\liuna\.m2\repository\net\kyori\adventure-text-serializer-plain\4.9.3\adventure-text-serializer-plain-4.9.3.jar;C:\Users\liuna\.m2\repository\org\checkerframework\checker-qual\3.21.0\checker-qual-3.21.0.jar;C:\Users\liuna\.m2\repository\org\ow2\asm\asm\9.2\asm-9.2.jar;C:\Users\liuna\.m2\repository\org\ow2\asm\asm-commons\9.2\asm-commons-9.2.jar;C:\Users\liuna\.m2\repository\org\ow2\asm\asm-tree\9.2\asm-tree-9.2.jar;C:\Users\liuna\.m2\repository\org\ow2\asm\asm-analysis\9.2\asm-analysis-9.2.jar;"/>
    <property name="sun.cpu.endian" value="little"/>
    <property name="user.home" value="C:\Users\liuna"/>
    <property name="user.language" value="en"/>
    <property name="java.specification.vendor" value="Oracle Corporation"/>
    <property name="java.version.date" value="2021-10-19"/>
    <property name="java.home" value="C:\Program Files\Java\jdk-17.0.1"/>
    <property name="file.separator" value="\"/>
    <property name="basedir" value="c:\Users\liuna\Documents\Java Programs\Plugins\voidarc"/>
    <property name="java.vm.compressedOopsMode" value="Zero based"/>
    <property name="line.separator" value="&#10;"/>
    <property name="java.vm.specification.vendor" value="Oracle Corporation"/>
    <property name="java.specification.name" value="Java Platform API Specification"/>
    <property name="surefire.real.class.path" value="C:\Users\liuna\AppData\Local\Temp\surefire8225289963387965440\surefirebooter147491986382171741.jar"/>
    <property name="user.script" value=""/>
    <property name="sun.management.compiler" value="HotSpot 64-Bit Tiered Compilers"/>
    <property name="java.runtime.version" value="17.0.1+12-LTS-39"/>
    <property name="user.name" value="liuna"/>
    <property name="path.separator" value=";"/>
    <property name="os.version" value="10.0"/>
    <property name="java.runtime.name" value="Java(TM) SE Runtime Environment"/>
    <property name="file.encoding" value="Cp1252"/>
    <property name="java.vm.name" value="Java HotSpot(TM) 64-Bit Server VM"/>
    <property name="localRepository" value="C:\Users\liuna\.m2\repository"/>
    <property name="java.vendor.url.bug" value="https://bugreport.java.com/bugreport/"/>
    <property name="java.io.tmpdir" value="C:\Users\liuna\AppData\Local\Temp\"/>
    <property name="java.version" value="17.0.1"/>
    <property name="user.dir" value="c:\Users\liuna\Documents\Java Programs\Plugins\voidarc"/>
    <property name="os.arch" value="amd64"/>
    <property name="java.vm.specification.name" value="Java Virtual Machine Specification"/>
    <property name="sun.os.patch.level" value=""/>
    <property name="native.encoding" value="Cp1252"/>
    <property name="java.library.path" value="C:\Program Files\Java\jdk-17.0.1\bin;C:\WINDOWS\Sun\Java\bin;C:\WINDOWS\system32;C:\WINDOWS;C:\Program Files\Common Files\Oracle\Java\javapath;C:\Program Files (x86)\Common Files\Oracle\Java\javapath;C:\WINDOWS\system32;C:\WINDOWS;C:\WINDOWS\System32\Wbem;C:\WINDOWS\System32\WindowsPowerShell\v1.0\;C:\WINDOWS\System32\OpenSSH\;C:\Program Files\Maven\apache-maven-3.8.3\bin;C:\Program Files\Git\cmd;C:\Program Files\dotnet\;C:\Program Files (x86)\mingw-w64\i686-8.1.0-posix-dwarf-rt_v6-rev0\mingw32\bin;C:\Users\liuna\AppData\Local\Programs\Python\Python311\Scripts\;C:\Users\liuna\AppData\Local\Programs\Python\Python311\;C:\Users\liuna\AppData\Local\Microsoft\WindowsApps;C:\Users\liuna\AppData\Local\Programs\Microsoft VS Code\bin;C:\Users\liuna\.dotnet\tools;C:\Program Files\heroku\bin;."/>
    <property name="java.vm.info" value="mixed mode, sharing"/>
    <property name="java.vendor" value="Oracle Corporation"/>
    <property name="java.vm.version" value="17.0.1+12-LTS-39"/>
    <property name="sun.io.unicode.encoding" value="UnicodeLittle"/>
    <property name="java.class.version" value="61.0"/>
  </properties>
  <testcase name="shouldAnswerWithTrue" classname="com.javezki.AppTest" time="0.008"/>
</testsuite>